-------------------------------------------------------------------------------
Test set: TestSuite
-------------------------------------------------------------------------------
Tests run: 4, Failures: 1, Errors: 0, Skipped: 0, Time elapsed: 126.085 s <<< FAILURE! - in TestSuite
Academy.ValidateTitel.ValidateTitele  Time elapsed: 6.189 s  <<< FAILURE!
java.lang.AssertionError: expected [FEATURED COURSES456] but found [FEATURED COURSES]
	at Academy.ValidateTitel.ValidateTitele(ValidateTitel.java:33)

